<?xml version="1.0" encoding="UTF-8"?>
<robot generator="Robot 4.1.2 (Python 3.10.1 on win32)" generated="20211214 10:57:57.296" rpa="false" schemaversion="2">
<suite id="s1" name="Robotcode" source="C:\Users\ciriu\OneDrive\Documents\GitHub\RobotExercise1\Robotcode">
<suite id="s1-s1" name="Test" source="C:\Users\ciriu\OneDrive\Documents\GitHub\RobotExercise1\Robotcode\test.robot">
<test id="s1-s1-t1" name="Valid Login">
<kw name="Open Browser" library="SeleniumLibrary">
<arg>https://www.saucedemo.com/</arg>
<arg>chrome</arg>
<doc>Opens a new browser instance to the optional ``url``.</doc>
<msg timestamp="20211214 10:57:57.457" level="INFO">Opening browser 'chrome' to base url 'https://www.saucedemo.com/'.</msg>
<kw name="Capture Page Screenshot" library="SeleniumLibrary">
<doc>Takes a screenshot of the current page and embeds it into a log file.</doc>
<msg timestamp="20211214 10:57:57.467" level="INFO">Cannot capture screenshot because no browser is open.</msg>
<status status="PASS" starttime="20211214 10:57:57.467" endtime="20211214 10:57:57.467"/>
</kw>
<msg timestamp="20211214 10:57:57.469" level="FAIL">WebDriverException: Message: 'chromedriver' executable needs to be in PATH. Please see https://chromedriver.chromium.org/home
</msg>
<status status="FAIL" starttime="20211214 10:57:57.457" endtime="20211214 10:57:57.469"/>
</kw>
<kw name="Maximize Browser Window" library="SeleniumLibrary">
<doc>Maximizes current browser window.</doc>
<status status="NOT RUN" starttime="20211214 10:57:57.469" endtime="20211214 10:57:57.469"/>
</kw>
<kw name="Page Should Contain Button" library="SeleniumLibrary">
<arg>login-button</arg>
<doc>Verifies button ``locator`` is found from current page.</doc>
<status status="NOT RUN" starttime="20211214 10:57:57.470" endtime="20211214 10:57:57.470"/>
</kw>
<kw name="Input Text" library="SeleniumLibrary">
<arg>user-name</arg>
<arg>standard_user</arg>
<doc>Types the given ``text`` into the text field identified by ``locator``.</doc>
<status status="NOT RUN" starttime="20211214 10:57:57.470" endtime="20211214 10:57:57.470"/>
</kw>
<kw name="Input Password" library="SeleniumLibrary">
<arg>password</arg>
<arg>secret_sauce</arg>
<doc>Types the given password into the text field identified by ``locator``.</doc>
<status status="NOT RUN" starttime="20211214 10:57:57.470" endtime="20211214 10:57:57.470"/>
</kw>
<kw name="Click Button" library="SeleniumLibrary">
<arg>login-button</arg>
<doc>Clicks the button identified by ``locator``.</doc>
<status status="NOT RUN" starttime="20211214 10:57:57.470" endtime="20211214 10:57:57.470"/>
</kw>
<kw name="Element Text Should Be" library="SeleniumLibrary">
<arg>class:title</arg>
<arg>PRODUCTS</arg>
<doc>Verifies that element ``locator`` contains exact the text ``expected``.</doc>
<status status="NOT RUN" starttime="20211214 10:57:57.470" endtime="20211214 10:57:57.470"/>
</kw>
<kw name="Close Browser" library="SeleniumLibrary" type="TEARDOWN">
<doc>Closes the current browser.</doc>
<status status="PASS" starttime="20211214 10:57:57.470" endtime="20211214 10:57:57.471"/>
</kw>
<status status="FAIL" starttime="20211214 10:57:57.456" endtime="20211214 10:57:57.471">WebDriverException: Message: 'chromedriver' executable needs to be in PATH. Please see https://chromedriver.chromium.org/home
</status>
</test>
<doc>Test case 1</doc>
<status status="FAIL" starttime="20211214 10:57:57.318" endtime="20211214 10:57:57.471"/>
</suite>
<status status="FAIL" starttime="20211214 10:57:57.297" endtime="20211214 10:57:57.472"/>
</suite>
<statistics>
<total>
<stat pass="0" fail="1" skip="0">All Tests</stat>
</total>
<tag>
</tag>
<suite>
<stat pass="0" fail="1" skip="0" id="s1" name="Robotcode">Robotcode</stat>
<stat pass="0" fail="1" skip="0" id="s1-s1" name="Test">Robotcode.Test</stat>
</suite>
</statistics>
<errors>
</errors>
</robot>
